0 info it worked if it ends with ok
1 verbose cli [ '/usr/local/bin/node',
1 verbose cli   '/usr/local/bin/npm',
1 verbose cli   'install',
1 verbose cli   '-g',
1 verbose cli   'git+https://github.com/telegraphacademy/liberator.git' ]
2 info using npm@3.8.3
3 info using node@v5.10.0
4 silly loadCurrentTree Starting
5 silly install loadCurrentTree
6 silly install readGlobalPackageData
7 silly fetchPackageMetaData git+https://github.com/telegraphacademy/liberator.git
8 silly fetchOtherPackageData git+https://github.com/telegraphacademy/liberator.git
9 silly cache add args [ 'git+https://github.com/telegraphacademy/liberator.git',
9 silly cache add   null ]
10 verbose cache add spec git+https://github.com/telegraphacademy/liberator.git
11 silly cache add parsed spec Result {
11 silly cache add   raw: 'git+https://github.com/telegraphacademy/liberator.git',
11 silly cache add   scope: null,
11 silly cache add   name: null,
11 silly cache add   rawSpec: 'git+https://github.com/telegraphacademy/liberator.git',
11 silly cache add   spec: 'git+https://github.com/telegraphacademy/liberator.git',
11 silly cache add   type: 'hosted',
11 silly cache add   hosted:
11 silly cache add    { type: 'github',
11 silly cache add      ssh: 'git@github.com:telegraphacademy/liberator.git',
11 silly cache add      sshUrl: 'git+ssh://git@github.com/telegraphacademy/liberator.git',
11 silly cache add      httpsUrl: 'git+https://github.com/telegraphacademy/liberator.git',
11 silly cache add      gitUrl: 'git://github.com/telegraphacademy/liberator.git',
11 silly cache add      shortcut: 'github:telegraphacademy/liberator',
11 silly cache add      directUrl: 'https://raw.githubusercontent.com/telegraphacademy/liberator/master/package.json' } }
12 verbose addRemoteGit caching git+https://github.com/telegraphacademy/liberator.git
13 verbose addRemoteGit git+https://github.com/telegraphacademy/liberator.git is a repository hosted by github
14 silly tryClone cloning git+https://github.com/telegraphacademy/liberator.git via git+https://github.com/telegraphacademy/liberator.git
15 verbose tryClone git-https-github-com-telegraphacademy-liberator-git-5545edb3 not in flight; caching
16 verbose correctMkdir /Users/kimeriegreen/.npm/_git-remotes correctMkdir not in flight; initializing
17 info git [ 'clone',
17 info git   '--template=/Users/kimeriegreen/.npm/_git-remotes/_templates',
17 info git   '--mirror',
17 info git   'https://github.com/telegraphacademy/liberator.git',
17 info git   '/Users/kimeriegreen/.npm/_git-remotes/git-https-github-com-telegraphacademy-liberator-git-5545edb3' ]
18 error git clone --template=/Users/kimeriegreen/.npm/_git-remotes/_templates --mirror https://github.com/telegraphacademy/liberator.git /Users/kimeriegreen/.npm/_git-remotes/git-https-github-com-telegraphacademy-liberator-git-5545edb3: Cloning into bare repository '/Users/kimeriegreen/.npm/_git-remotes/git-https-github-com-telegraphacademy-liberator-git-5545edb3'...
18 error git clone --template=/Users/kimeriegreen/.npm/_git-remotes/_templates --mirror https://github.com/telegraphacademy/liberator.git /Users/kimeriegreen/.npm/_git-remotes/git-https-github-com-telegraphacademy-liberator-git-5545edb3: remote: Invalid username or password.
18 error git clone --template=/Users/kimeriegreen/.npm/_git-remotes/_templates --mirror https://github.com/telegraphacademy/liberator.git /Users/kimeriegreen/.npm/_git-remotes/git-https-github-com-telegraphacademy-liberator-git-5545edb3: fatal: Authentication failed for 'https://github.com/telegraphacademy/liberator.git/'
19 silly fetchPackageMetaData Error: Command failed: git clone --template=/Users/kimeriegreen/.npm/_git-remotes/_templates --mirror https://github.com/telegraphacademy/liberator.git /Users/kimeriegreen/.npm/_git-remotes/git-https-github-com-telegraphacademy-liberator-git-5545edb3
19 silly fetchPackageMetaData Cloning into bare repository '/Users/kimeriegreen/.npm/_git-remotes/git-https-github-com-telegraphacademy-liberator-git-5545edb3'...
19 silly fetchPackageMetaData remote: Invalid username or password.
19 silly fetchPackageMetaData fatal: Authentication failed for 'https://github.com/telegraphacademy/liberator.git/'
19 silly fetchPackageMetaData
19 silly fetchPackageMetaData     at ChildProcess.exithandler (child_process.js:202:12)
19 silly fetchPackageMetaData     at emitTwo (events.js:100:13)
19 silly fetchPackageMetaData     at ChildProcess.emit (events.js:185:7)
19 silly fetchPackageMetaData     at maybeClose (internal/child_process.js:850:16)
19 silly fetchPackageMetaData     at Process.ChildProcess._handle.onexit (internal/child_process.js:215:5)
19 silly fetchPackageMetaData  error for git+https://github.com/telegraphacademy/liberator.git { [Error: Command failed: git clone --template=/Users/kimeriegreen/.npm/_git-remotes/_templates --mirror https://github.com/telegraphacademy/liberator.git /Users/kimeriegreen/.npm/_git-remotes/git-https-github-com-telegraphacademy-liberator-git-5545edb3
19 silly fetchPackageMetaData Cloning into bare repository '/Users/kimeriegreen/.npm/_git-remotes/git-https-github-com-telegraphacademy-liberator-git-5545edb3'...
19 silly fetchPackageMetaData remote: Invalid username or password.
19 silly fetchPackageMetaData fatal: Authentication failed for 'https://github.com/telegraphacademy/liberator.git/'
19 silly fetchPackageMetaData ]
19 silly fetchPackageMetaData   killed: false,
19 silly fetchPackageMetaData   code: 128,
19 silly fetchPackageMetaData   signal: null,
19 silly fetchPackageMetaData   cmd: 'git clone --template=/Users/kimeriegreen/.npm/_git-remotes/_templates --mirror https://github.com/telegraphacademy/liberator.git /Users/kimeriegreen/.npm/_git-remotes/git-https-github-com-telegraphacademy-liberator-git-5545edb3' }
20 silly rollbackFailedOptional Starting
21 silly rollbackFailedOptional Finishing
22 silly runTopLevelLifecycles Starting
23 silly runTopLevelLifecycles Finishing
24 silly install printInstalled
25 verbose stack Error: Command failed: git clone --template=/Users/kimeriegreen/.npm/_git-remotes/_templates --mirror https://github.com/telegraphacademy/liberator.git /Users/kimeriegreen/.npm/_git-remotes/git-https-github-com-telegraphacademy-liberator-git-5545edb3
25 verbose stack Cloning into bare repository '/Users/kimeriegreen/.npm/_git-remotes/git-https-github-com-telegraphacademy-liberator-git-5545edb3'...
25 verbose stack remote: Invalid username or password.
25 verbose stack fatal: Authentication failed for 'https://github.com/telegraphacademy/liberator.git/'
25 verbose stack
25 verbose stack     at ChildProcess.exithandler (child_process.js:202:12)
25 verbose stack     at emitTwo (events.js:100:13)
25 verbose stack     at ChildProcess.emit (events.js:185:7)
25 verbose stack     at maybeClose (internal/child_process.js:850:16)
25 verbose stack     at Process.ChildProcess._handle.onexit (internal/child_process.js:215:5)
26 verbose cwd /Users/kimeriegreen/Desktop/March-TGA-5/deploy
27 error Darwin 15.4.0
28 error argv "/usr/local/bin/node" "/usr/local/bin/npm" "install" "-g" "git+https://github.com/telegraphacademy/liberator.git"
29 error node v5.10.0
30 error npm  v3.8.3
31 error code 128
32 error Command failed: git clone --template=/Users/kimeriegreen/.npm/_git-remotes/_templates --mirror https://github.com/telegraphacademy/liberator.git /Users/kimeriegreen/.npm/_git-remotes/git-https-github-com-telegraphacademy-liberator-git-5545edb3
32 error Cloning into bare repository '/Users/kimeriegreen/.npm/_git-remotes/git-https-github-com-telegraphacademy-liberator-git-5545edb3'...
32 error remote: Invalid username or password.
32 error fatal: Authentication failed for 'https://github.com/telegraphacademy/liberator.git/'
33 error If you need help, you may report this error at:
33 error     <https://github.com/npm/npm/issues>
34 verbose exit [ 1, true ]
